<?xml version="1.0" encoding="UTF-8"?>
<!-- Generated by org.testng.reporters.JUnitReportReporter -->
<testsuite skipped="0" hostname="DESKTOP-TFADDNR" name="com.dollardays.testcases.ExampleSearchTestcase" tests="1" failures="0" timestamp="2020-10-26T15:02:09 PDT" time="31.476" errors="0">
  <testcase name="search" time="31.476" classname="com.dollardays.testcases.ExampleSearchTestcase"/>
  <system-out/>
</testsuite> <!-- com.dollardays.testcases.ExampleSearchTestcase -->
