<?xml version="1.0" encoding="UTF-8"?>
<!-- Generated by org.testng.reporters.JUnitReportReporter -->
<testsuite skipped="0" hostname="DESKTOP-TFADDNR" name="com.dollardays.testcases.HomePageDisplay" tests="3" failures="0" timestamp="2020-11-02T19:17:43 MST" time="167.424" errors="0">
  <testcase name="SignUpDealsBlank" time="21.608" classname="com.dollardays.testcases.HomePageDisplay"/>
  <system-out/>
  <testcase name="SignUpDealsInvalid" time="23.412" classname="com.dollardays.testcases.HomePageDisplay"/>
  <system-out/>
  <testcase name="CheckDisplay" time="122.404" classname="com.dollardays.testcases.HomePageDisplay"/>
  <system-out/>
</testsuite> <!-- com.dollardays.testcases.HomePageDisplay -->
