<?xml version="1.0" encoding="UTF-8"?>
<!-- Generated by org.testng.reporters.JUnitReportReporter -->
<testsuite skipped="1" hostname="DESKTOP-TFADDNR" name="com.dollardays.testcases.LoginTestcase" tests="1" failures="0" timestamp="2020-10-22T14:55:55 PDT" time="0.000" errors="0">
  <testcase name="invokeLogin" time="0.000" classname="com.dollardays.testcases.LoginTestcase">
    <skipped/>
  </testcase> <!-- invokeLogin -->
  <system-out/>
</testsuite> <!-- com.dollardays.testcases.LoginTestcase -->
