<?xml version="1.0" encoding="UTF-8"?>
<!-- Generated by org.testng.reporters.JUnitReportReporter -->
<testsuite skipped="0" hostname="DESKTOP-TFADDNR" name="com.dollardays.testcases.ExamleTestcase" tests="1" failures="0" timestamp="2020-10-22T16:22:58 PDT" time="14.350" errors="0">
  <testcase name="logon" time="14.350" classname="com.dollardays.testcases.ExamleTestcase"/>
  <system-out/>
</testsuite> <!-- com.dollardays.testcases.ExamleTestcase -->
