<?xml version="1.0" encoding="UTF-8"?>
<!-- Generated by org.testng.reporters.JUnitReportReporter -->
<testsuite skipped="0" hostname="DESKTOP-TFADDNR" name="com.dollardays.testcases.HomePage" tests="1" failures="0" timestamp="2020-10-27T14:42:05 PDT" time="16.118" errors="0">
  <testcase name="HomePageDiplay" time="16.118" classname="com.dollardays.testcases.HomePage"/>
  <system-out/>
</testsuite> <!-- com.dollardays.testcases.HomePage -->
