<?xml version="1.0" encoding="UTF-8"?>
<!-- Generated by org.testng.reporters.JUnitReportReporter -->
<testsuite skipped="0" hostname="DESKTOP-TFADDNR" name="com.dollardays.testcases.LoginVerifyTitle" tests="1" failures="0" timestamp="2020-10-23T14:58:59 PDT" time="13.756" errors="0">
  <testcase name="Login" time="13.756" classname="com.dollardays.testcases.LoginVerifyTitle"/>
  <system-out/>
</testsuite> <!-- com.dollardays.testcases.LoginVerifyTitle -->
